[2023-07-18 10:40:20] [1] [WARN] Reporting disabled: using no op test run registrar
[2023-07-18 10:40:20] [1] [INFO] TEST [automation-course-demo - testGetAllPosts] STARTED at [03:40:20 2023-07-18]
[2023-07-18 10:40:21] [1] [INFO] Request method:	GET
Request URI:	http://graph.facebook.com/v17.0/me/posts?access_token=EAAONtw5zyuUBAM3kEyHZAa95O8XSQkhrmZC4i8t7ZCXgtuZCDZBoXoie8VQjOY8UpYDZBt9GXKVnVM0C1kx1ZCcpU93zi9JoKE3OaDf6qGWR50ScTJF3BOZAKz7vlJvZB4SPUceB318YxXg72buXW5Nq9XaidW4Hw6BjaC2ZAxWZAA29ujmzPFs2ZB76
Request params:	<none>
Query params:	<none>
Form params:	<none>
Path params:	<none>
Multiparts:		<none>
Cookies:		<none>
Headers:		Accept=*/*
				Content-Type=application/json; charset=UTF-8
Body:			<none>
HTTP/1.1 200 OK
Content-Encoding: gzip
ETag: "5f2a3e5107c2d5a021cf4aa7eaa25ea431e6aa2c"
Content-Type: application/json; charset=UTF-8
Vary: Origin
Vary: Accept-Encoding
cross-origin-resource-policy: cross-origin
x-app-usage: {"call_count":10,"total_cputime":0,"total_time":2}
Access-Control-Allow-Origin: *
facebook-api-version: v17.0
Strict-Transport-Security: max-age=15552000; preload
Pragma: no-cache
Cache-Control: private, no-cache, no-store, must-revalidate
Expires: Sat, 01 Jan 2000 00:00:00 GMT
x-fb-request-id: AxRzef1sXKFRQv2rLXuqKin
x-fb-trace-id: CTowMC2F8ai
x-fb-rev: 1007857343
X-FB-Debug: prlcyP6Ze+9OcWPRREZtDTdZGRl/3ahuPEnzpLwy9oMXUK8v8HfpVvlrW8YlBgtM1OIiOgmIigSxaodKrVnFAA==
Date: Tue, 18 Jul 2023 10:40:21 GMT
Alt-Svc: h3=":443"; ma=86400
Connection: keep-alive
Content-Length: 640

{
    "data": [
        {
            "created_time": "2023-07-18T07:37:51+0000",
            "message": "Testing Message",
            "id": "113326638496255_113327821829470"
        },
        {
            "created_time": "2023-07-18T03:31:07+0000",
            "message": "hello world",
            "id": "113326638496255_113149261847326"
        }
    ],
    "paging": {
        "previous": "https://graph.facebook.com/v17.0/113326638496255/posts?access_token=EAAONtw5zyuUBAM3kEyHZAa95O8XSQkhrmZC4i8t7ZCXgtuZCDZBoXoie8VQjOY8UpYDZBt9GXKVnVM0C1kx1ZCcpU93zi9JoKE3OaDf6qGWR50ScTJF3BOZAKz7vlJvZB4SPUceB318YxXg72buXW5Nq9XaidW4Hw6BjaC2ZAxWZAA29ujmzPFs2ZB76&__previous=1&since=1689665871&until&__paging_token=enc_AdA7U1ZC5HfL7SnCe5e1iHBPnUzfBJPM9h64GplEL8xKgb54BGEhsSiEHnfOoJFiWLMmXr0R0gYqkjtdWSzTpURQ7JvALjK7M98EIIaRtXTD4rAZDZD",
        "next": "https://graph.facebook.com/v17.0/113326638496255/posts?access_token=EAAONtw5zyuUBAM3kEyHZAa95O8XSQkhrmZC4i8t7ZCXgtuZCDZBoXoie8VQjOY8UpYDZBt9GXKVnVM0C1kx1ZCcpU93zi9JoKE3OaDf6qGWR50ScTJF3BOZAKz7vlJvZB4SPUceB318YxXg72buXW5Nq9XaidW4Hw6BjaC2ZAxWZAA29ujmzPFs2ZB76&until=1689651067&since&__paging_token=enc_AdCDZAOonqIFg5ZAFTtzBDNkpPVLIML7s5R8ytVuHfwhJw2TYqNfOZAZAXLgoo1PRfLDGX0cknIfUVY9RJXc9xON07ifujZC3kdvNi7dRtsX68L7dZCQZDZD&__previous"
    }
}

[2023-07-18 10:40:21] [1] [ERROR] TEST [automation-course-demo - testGetAllPosts] FAILED at [03:40:21 2023-07-18] - 
Expected: a JSON array
     got: a JSON object


org.skyscreamer.jsonassert.JSONAssert.assertEquals(JSONAssert.java:482)
org.skyscreamer.jsonassert.JSONAssert.assertEquals(JSONAssert.java:464)
com.zebrunner.carina.api.AbstractApiMethodV2.validateResponse(AbstractApiMethodV2.java:339)
com.zebrunner.carina.api.AbstractApiMethodV2.validateResponse(AbstractApiMethodV2.java:299)
com.solvd.qa.carina.demo.APITest.testGetAllPosts(APITest.java:41)
java.base/jdk.internal.reflect.NativeMethodAccessorImpl.invoke0(Native Method)
java.base/jdk.internal.reflect.NativeMethodAccessorImpl.invoke(NativeMethodAccessorImpl.java:77)
java.base/jdk.internal.reflect.DelegatingMethodAccessorImpl.invoke(DelegatingMethodAccessorImpl.java:43)
java.base/java.lang.reflect.Method.invoke(Method.java:568)
org.testng.internal.invokers.MethodInvocationHelper.invokeMethod(MethodInvocationHelper.java:139)
org.testng.internal.invokers.TestInvoker.invokeMethod(TestInvoker.java:677)
org.testng.internal.invokers.TestInvoker.invokeTestMethod(TestInvoker.java:221)
org.testng.internal.invokers.MethodRunner.runInSequence(MethodRunner.java:50)
org.testng.internal.invokers.TestInvoker$MethodInvocationAgent.invoke(TestInvoker.java:969)
org.testng.internal.invokers.TestInvoker.invokeTestMethods(TestInvoker.java:194)
org.testng.internal.invokers.TestMethodWorker.invokeTestMethods(TestMethodWorker.java:148)
org.testng.internal.invokers.TestMethodWorker.run(TestMethodWorker.java:128)
java.base/java.util.ArrayList.forEach(ArrayList.java:1511)
org.testng.TestRunner.privateRun(TestRunner.java:829)
org.testng.TestRunner.run(TestRunner.java:602)
org.testng.SuiteRunner.runTest(SuiteRunner.java:437)
org.testng.SuiteRunner.runSequentially(SuiteRunner.java:431)
org.testng.SuiteRunner.privateRun(SuiteRunner.java:391)
org.testng.SuiteRunner.run(SuiteRunner.java:330)
org.testng.SuiteRunnerWorker.runSuite(SuiteRunnerWorker.java:52)
org.testng.SuiteRunnerWorker.run(SuiteRunnerWorker.java:95)
org.testng.TestNG.runSuitesSequentially(TestNG.java:1256)
org.testng.TestNG.runSuitesLocally(TestNG.java:1176)
org.testng.TestNG.runSuites(TestNG.java:1099)
org.testng.TestNG.run(TestNG.java:1067)
com.intellij.rt.testng.IDEARemoteTestNG.run(IDEARemoteTestNG.java:66)
com.intellij.rt.testng.RemoteTestNGStarter.main(RemoteTestNGStarter.java:105)
