<div id='container' style='width: 98%; padding: 10px; margin: 0; background: #EBEBE0; color: #717171; font-family: Calibri;'><div id='summary'><h2 align='center' style='background-color: gray; color: white; padding: 10px; margin: 0;'>FAILED: Default Suite (temp-testng-customsuite.xml) - https://petstore.com/ ( chrome)</h2><br><h2 style='clear: both; margin: 0;'>Summary:</h2><hr/><table style='width: 1000px;'><tr><td style='width: 100px;'>Environment:</td><td> - <a href='https://petstore.com/'>https://petstore.com/</a></td></tr><tr><td>Version:</td><td></td></tr><tr><td>Browser:</td><td>chrome</td></tr><tr><td>Finished:</td><td>20:24:11 2023-07-28</td></tr><tr class='pass' style='color: #66C266;'><td>Passed: </td><td>0</td></tr><tr class='fail' style='color: #FF5C33;'><td>Failed:</td><td>3</td></tr><tr class='skip' style='color: #FFD700;'><td>Skipped:</td><td>0</td></tr><tr><td>Success rate:</td><td>0%</td></tr></table></div><br><br><div id='results'><h2 style='margin: 0;'>Test results:</h2><hr/><table cellspacing='0' cellpadding='0' style='width: 100%;'><tr><th width='10%' align='center'>Result</th><th width='75%'>Test name</th><th width='10%'>Test files</th></tr><tr><td colspan='4' class='package' style='background: gray; border-style: solid; border-width: 1px; border-color: white; padding: 5px; color: white;'>com.solvd.qa.carina.solvd_test</td></tr><tr class='fail' style='background: #FF5C33;'><td align='center' style='border-style: solid; border-width: 1px; border-color: white; padding: 5px; color: white;'>FAILED</td><td style='border-style: solid; border-width: 1px; border-color: white; padding: 5px; color: white;'><span>automation-course-demo - TestListOfProducts [L01]</span><div style="background:#ffcccc; color: black; padding: 5px; margin: 2px 0px 2px 0px;">The following asserts failed:<br/>	First product in Toys category does not match. expected [true] but found [false]<br/><br/>org.testng.asserts.SoftAssert.assertAll(SoftAssert.java:46)<br/>org.testng.asserts.SoftAssert.assertAll(SoftAssert.java:30)<br/>com.solvd.qa.carina.solvd_test.WebTest.TestListOfProducts(WebTest.java:46)<br/>java.base/jdk.internal.reflect.NativeMethodAccessorImpl.invoke0(Native Method)<br/>java.base/jdk.internal.reflect.NativeMethodAccessorImpl.invoke(NativeMethodAccessorImpl.java:77)<br/>java.base/jdk.internal.reflect.DelegatingMethodAccessorImpl.invoke(DelegatingMethodAccessorImpl.java:43)<br/>java.base/java.lang.reflect.Method.invoke(Method.java:568)<br/>org.testng.internal.invokers.MethodInvocationHelper.invokeMethod(MethodInvocationHelper.java:139)<br/>org.testng.internal.invokers.TestInvoker.invokeMethod(TestInvoker.java:677)<br/>org.testng.internal.invokers.TestInvoker.invokeTestMethod(TestInvoker.java:221)<br/>org.testng.internal.invokers.MethodRunner.runInSequence(MethodRunner.java:50)<br/>org.testng.internal.invokers.TestInvoker$MethodInvocationAgent.invoke(TestInvoker.java:969)<br/>org.testng.internal.invokers.TestInvoker.invokeTestMethods(TestInvoker.java:194)<br/>org.testng.internal.invokers.TestMethodWorker.invokeTestMethods(TestMethodWorker.java:148)<br/>org.testng.internal.invokers.TestMethodWorker.run(TestMethodWorker.java:128)<br/>java.base/java.util.ArrayList.forEach(ArrayList.java:1511)<br/>org.testng.TestRunner.privateRun(TestRunner.java:829)<br/>org.testng.TestRunner.run(TestRunner.java:602)<br/>org.testng.SuiteRunner.runTest(SuiteRunner.java:437)<br/>org.testng.SuiteRunner.runSequentially(SuiteRunner.java:431)<br/>org.testng.SuiteRunner.privateRun(SuiteRunner.java:391)<br/>org.testng.SuiteRunner.run(SuiteRunner.java:330)<br/>org.testng.SuiteRunnerWorker.runSuite(SuiteRunnerWorker.java:52)<br/>org.testng.SuiteRunnerWorker.run(SuiteRunnerWorker.java:95)<br/>org.testng.TestNG.runSuitesSequentially(TestNG.java:1256)<br/>org.testng.TestNG.runSuitesLocally(TestNG.java:1176)<br/>org.testng.TestNG.runSuites(TestNG.java:1099)<br/>org.testng.TestNG.run(TestNG.java:1067)<br/>com.intellij.rt.testng.IDE...</div></td><td align='center' style='border-style: solid; border-width: 1px; border-color: white; padding: 5px; color: white;'><a target='_blank' href='file://C:\Users\gianm\Desktop\Solvd_Carina3\automation-course-demo\.\reports\1690600977292/6e6e6eaf-7d65-4fd0-9192-6db8d99a38e7/test.log' style='color: white;'>Logs</a><span> | </span><a target='_blank' href='file://C:\Users\gianm\Desktop\Solvd_Carina3\automation-course-demo\.\reports\1690600977292/6e6e6eaf-7d65-4fd0-9192-6db8d99a38e7/report.html' style='color: white;'>Slides</a></td></tr><tr class='fail' style='background: #FF5C33;'><td align='center' style='border-style: solid; border-width: 1px; border-color: white; padding: 5px; color: white;'>FAILED</td><td style='border-style: solid; border-width: 1px; border-color: white; padding: 5px; color: white;'><span>automation-course-demo - TestListOfProducts [L02]</span><div style="background:#ffcccc; color: black; padding: 5px; margin: 2px 0px 2px 0px;">The following asserts failed:<br/>	First product in Toys category does not match. expected [true] but found [false]<br/><br/>org.testng.asserts.SoftAssert.assertAll(SoftAssert.java:46)<br/>org.testng.asserts.SoftAssert.assertAll(SoftAssert.java:30)<br/>com.solvd.qa.carina.solvd_test.WebTest.TestListOfProducts(WebTest.java:46)<br/>java.base/jdk.internal.reflect.NativeMethodAccessorImpl.invoke0(Native Method)<br/>java.base/jdk.internal.reflect.NativeMethodAccessorImpl.invoke(NativeMethodAccessorImpl.java:77)<br/>java.base/jdk.internal.reflect.DelegatingMethodAccessorImpl.invoke(DelegatingMethodAccessorImpl.java:43)<br/>java.base/java.lang.reflect.Method.invoke(Method.java:568)<br/>org.testng.internal.invokers.MethodInvocationHelper.invokeMethod(MethodInvocationHelper.java:139)<br/>org.testng.internal.invokers.TestInvoker.invokeMethod(TestInvoker.java:677)<br/>org.testng.internal.invokers.TestInvoker.invokeTestMethod(TestInvoker.java:221)<br/>org.testng.internal.invokers.MethodRunner.runInSequence(MethodRunner.java:50)<br/>org.testng.internal.invokers.TestInvoker$MethodInvocationAgent.invoke(TestInvoker.java:969)<br/>org.testng.internal.invokers.TestInvoker.invokeTestMethods(TestInvoker.java:194)<br/>org.testng.internal.invokers.TestMethodWorker.invokeTestMethods(TestMethodWorker.java:148)<br/>org.testng.internal.invokers.TestMethodWorker.run(TestMethodWorker.java:128)<br/>java.base/java.util.ArrayList.forEach(ArrayList.java:1511)<br/>org.testng.TestRunner.privateRun(TestRunner.java:829)<br/>org.testng.TestRunner.run(TestRunner.java:602)<br/>org.testng.SuiteRunner.runTest(SuiteRunner.java:437)<br/>org.testng.SuiteRunner.runSequentially(SuiteRunner.java:431)<br/>org.testng.SuiteRunner.privateRun(SuiteRunner.java:391)<br/>org.testng.SuiteRunner.run(SuiteRunner.java:330)<br/>org.testng.SuiteRunnerWorker.runSuite(SuiteRunnerWorker.java:52)<br/>org.testng.SuiteRunnerWorker.run(SuiteRunnerWorker.java:95)<br/>org.testng.TestNG.runSuitesSequentially(TestNG.java:1256)<br/>org.testng.TestNG.runSuitesLocally(TestNG.java:1176)<br/>org.testng.TestNG.runSuites(TestNG.java:1099)<br/>org.testng.TestNG.run(TestNG.java:1067)<br/>com.intellij.rt.testng.IDE...</div></td><td align='center' style='border-style: solid; border-width: 1px; border-color: white; padding: 5px; color: white;'><a target='_blank' href='file://C:\Users\gianm\Desktop\Solvd_Carina3\automation-course-demo\.\reports\1690600977292/0c374f1d-79f5-4e90-9a60-5ed634b483d1/test.log' style='color: white;'>Logs</a><span> | </span><a target='_blank' href='file://C:\Users\gianm\Desktop\Solvd_Carina3\automation-course-demo\.\reports\1690600977292/0c374f1d-79f5-4e90-9a60-5ed634b483d1/report.html' style='color: white;'>Slides</a></td></tr><tr class='fail' style='background: #FF5C33;'><td align='center' style='border-style: solid; border-width: 1px; border-color: white; padding: 5px; color: white;'>FAILED</td><td style='border-style: solid; border-width: 1px; border-color: white; padding: 5px; color: white;'><span>automation-course-demo - TestListOfProducts [L03]</span><div style="background:#ffcccc; color: black; padding: 5px; margin: 2px 0px 2px 0px;">The following asserts failed:<br/>	First product in Lighting category does not match. expected [true] but found [false]<br/><br/>org.testng.asserts.SoftAssert.assertAll(SoftAssert.java:46)<br/>org.testng.asserts.SoftAssert.assertAll(SoftAssert.java:30)<br/>com.solvd.qa.carina.solvd_test.WebTest.TestListOfProducts(WebTest.java:46)<br/>java.base/jdk.internal.reflect.NativeMethodAccessorImpl.invoke0(Native Method)<br/>java.base/jdk.internal.reflect.NativeMethodAccessorImpl.invoke(NativeMethodAccessorImpl.java:77)<br/>java.base/jdk.internal.reflect.DelegatingMethodAccessorImpl.invoke(DelegatingMethodAccessorImpl.java:43)<br/>java.base/java.lang.reflect.Method.invoke(Method.java:568)<br/>org.testng.internal.invokers.MethodInvocationHelper.invokeMethod(MethodInvocationHelper.java:139)<br/>org.testng.internal.invokers.TestInvoker.invokeMethod(TestInvoker.java:677)<br/>org.testng.internal.invokers.TestInvoker.invokeTestMethod(TestInvoker.java:221)<br/>org.testng.internal.invokers.MethodRunner.runInSequence(MethodRunner.java:50)<br/>org.testng.internal.invokers.TestInvoker$MethodInvocationAgent.invoke(TestInvoker.java:969)<br/>org.testng.internal.invokers.TestInvoker.invokeTestMethods(TestInvoker.java:194)<br/>org.testng.internal.invokers.TestMethodWorker.invokeTestMethods(TestMethodWorker.java:148)<br/>org.testng.internal.invokers.TestMethodWorker.run(TestMethodWorker.java:128)<br/>java.base/java.util.ArrayList.forEach(ArrayList.java:1511)<br/>org.testng.TestRunner.privateRun(TestRunner.java:829)<br/>org.testng.TestRunner.run(TestRunner.java:602)<br/>org.testng.SuiteRunner.runTest(SuiteRunner.java:437)<br/>org.testng.SuiteRunner.runSequentially(SuiteRunner.java:431)<br/>org.testng.SuiteRunner.privateRun(SuiteRunner.java:391)<br/>org.testng.SuiteRunner.run(SuiteRunner.java:330)<br/>org.testng.SuiteRunnerWorker.runSuite(SuiteRunnerWorker.java:52)<br/>org.testng.SuiteRunnerWorker.run(SuiteRunnerWorker.java:95)<br/>org.testng.TestNG.runSuitesSequentially(TestNG.java:1256)<br/>org.testng.TestNG.runSuitesLocally(TestNG.java:1176)<br/>org.testng.TestNG.runSuites(TestNG.java:1099)<br/>org.testng.TestNG.run(TestNG.java:1067)<br/>com.intellij.rt.testng...</div></td><td align='center' style='border-style: solid; border-width: 1px; border-color: white; padding: 5px; color: white;'><a target='_blank' href='file://C:\Users\gianm\Desktop\Solvd_Carina3\automation-course-demo\.\reports\1690600977292/b8e20f5e-fc0e-44e4-8a4e-cb34930b8891/test.log' style='color: white;'>Logs</a><span> | </span><a target='_blank' href='file://C:\Users\gianm\Desktop\Solvd_Carina3\automation-course-demo\.\reports\1690600977292/b8e20f5e-fc0e-44e4-8a4e-cb34930b8891/report.html' style='color: white;'>Slides</a></td></tr></table></div></div>