[2023-08-01 01:52:23] [1] [INFO] TEST [automation-course-demo - TestCartItems [L03]] STARTED at [18:52:23 2023-07-31]
[2023-08-01 01:52:23] [1] [INFO] Starting driver session...
[2023-08-01 01:52:34] [1] [INFO] Driver session started.
[2023-08-01 01:52:34] [1] [INFO] INFO: opening url 'https://petstore.com/'
[2023-08-01 01:52:49] [1] [INFO] PASS: element 'popUp' is clicked.
[2023-08-01 01:52:51] [1] [INFO] PASS: element 'menuButton' is clicked.
[2023-08-01 01:52:52] [1] [INFO] selecting Bird category >>>
[2023-08-01 01:52:56] [1] [INFO] PASS: element 'By.xpath: //*[@id="NavDrawer"]/div/div[2]/ul[1]/li[5]/div[1]/div/button' is clicked.
[2023-08-01 01:52:57] [1] [INFO] selecting Treats category >>>
[2023-08-01 01:53:06] [1] [INFO] PASS: element 'innerCategoryLinks64' is clicked.
[2023-08-01 01:53:08] [1] [INFO] selecting LAFEBER'S® TROPICAL FRUIT NUTRI-BERRIES FOR PARAKEET, COCKATIELS & LOVEBIRDS 10 OZ
PETSTORE
$20.75 product >>>
[2023-08-01 01:53:10] [1] [INFO] PASS: element 'By.xpath: //*[@id="CollectionSection"]/div[2]/div[1]/div/a' is clicked.
[2023-08-01 01:53:12] [1] [INFO] PASS: element 'addToCartButton' is clicked.
[2023-08-01 01:53:19] [1] [INFO] PASS: element 'exitCart' is clicked.
[2023-08-01 01:53:20] [1] [INFO] PASS: element 'menuButton' is clicked.
[2023-08-01 01:53:21] [1] [INFO] selecting Reptile & Amphibian category >>>
[2023-08-01 01:53:24] [1] [INFO] PASS: element 'By.xpath: //*[@id="NavDrawer"]/div/div[2]/ul[1]/li[4]/div[1]/div/button' is clicked.
[2023-08-01 01:53:24] [1] [INFO] selecting Lighting category >>>
[2023-08-01 01:53:31] [1] [INFO] PASS: element 'innerCategoryLinks52' is clicked.
[2023-08-01 01:53:32] [1] [INFO] selecting ZILLA® MINI HALOGEN BULB 25 WATT NIGHT RED COLOR 2.5 X 0.75 X 4 INCH
PETSTORE
$23.14 product >>>
[2023-08-01 01:53:35] [1] [INFO] PASS: element 'By.xpath: //*[@id="CollectionSection"]/div[2]/div[1]/div/a' is clicked.
[2023-08-01 01:53:37] [1] [ERROR] TEST [automation-course-demo - TestCartItems [L03]] FAILED at [18:53:37 2023-07-31] - The following asserts failed:
	Wrong amount of items in Cart expected [true] but found [false]

org.testng.asserts.SoftAssert.assertAll(SoftAssert.java:46)
org.testng.asserts.SoftAssert.assertAll(SoftAssert.java:30)
com.solvd.qa.carina.solvd_test.mobile.MobileTest.TestCartItems(MobileTest.java:34)
java.base/jdk.internal.reflect.NativeMethodAccessorImpl.invoke0(Native Method)
java.base/jdk.internal.reflect.NativeMethodAccessorImpl.invoke(NativeMethodAccessorImpl.java:77)
java.base/jdk.internal.reflect.DelegatingMethodAccessorImpl.invoke(DelegatingMethodAccessorImpl.java:43)
java.base/java.lang.reflect.Method.invoke(Method.java:568)
org.testng.internal.invokers.MethodInvocationHelper.invokeMethod(MethodInvocationHelper.java:139)
org.testng.internal.invokers.TestInvoker.invokeMethod(TestInvoker.java:677)
org.testng.internal.invokers.TestInvoker.invokeTestMethod(TestInvoker.java:221)
org.testng.internal.invokers.MethodRunner.runInSequence(MethodRunner.java:50)
org.testng.internal.invokers.TestInvoker$MethodInvocationAgent.invoke(TestInvoker.java:969)
org.testng.internal.invokers.TestInvoker.invokeTestMethods(TestInvoker.java:194)
org.testng.internal.invokers.TestMethodWorker.invokeTestMethods(TestMethodWorker.java:148)
org.testng.internal.invokers.TestMethodWorker.run(TestMethodWorker.java:128)
java.base/java.util.ArrayList.forEach(ArrayList.java:1511)
org.testng.TestRunner.privateRun(TestRunner.java:829)
org.testng.TestRunner.run(TestRunner.java:602)
org.testng.SuiteRunner.runTest(SuiteRunner.java:437)
org.testng.SuiteRunner.runSequentially(SuiteRunner.java:431)
org.testng.SuiteRunner.privateRun(SuiteRunner.java:391)
org.testng.SuiteRunner.run(SuiteRunner.java:330)
org.testng.SuiteRunnerWorker.runSuite(SuiteRunnerWorker.java:52)
org.testng.SuiteRunnerWorker.run(SuiteRunnerWorker.java:95)
org.testng.TestNG.runSuitesSequentially(TestNG.java:1256)
org.testng.TestNG.runSuitesLocally(TestNG.java:1176)
org.testng.TestNG.runSuites(TestNG.java:1099)
org.testng.TestNG.run(TestNG.java:1067)
com.intellij.rt.testng.IDEARemoteTestNG.run(IDEARemoteTestNG.java:66)
com.intellij.rt.testng.RemoteTestNGStarter.main(RemoteTestNGStarter.java:105)
