[2023-07-28 04:03:27] [1] [WARN] Reporting disabled: using no op test run registrar
[2023-07-28 04:03:27] [1] [INFO] TEST [automation-course-demo - testEbayAllCarTrucks] STARTED at [21:03:27 2023-07-27]
[2023-07-28 04:03:27] [1] [INFO] Starting driver session...
[2023-07-28 04:03:28] [1] [ERROR] Driver initialization 'default' FAILED! Retry 1 of 3 time - Could not start a new session. Possible causes are invalid address of the remote server or browser start-up failure. 
Host info: host: 'CRAZYMACHINE', ip: '192.168.4.30'
Build info: version: '4.10.0', revision: 'c14d967899'
System info: os.name: 'Windows 11', os.arch: 'amd64', os.version: '10.0', java.version: '17.0.7'
Driver info: org.openqa.selenium.remote.RemoteWebDriver
Command: [null, newSession {capabilities=[Capabilities {acceptInsecureCerts: true, browserName: chrome, goog:chromeOptions: {args: [--remote-allow-origins=*, --test-type, --start-maximized, --ignore-ssl-errors], extensions: []}}]}]
Capabilities {acceptInsecureCerts: true, browserName: chrome, goog:chromeOptions: {args: [--remote-allow-origins=*, --test-type, --start-maximized, --ignore-ssl-errors], extensions: []}}
[2023-07-28 04:03:29] [1] [INFO] Starting driver session...
[2023-07-28 04:03:29] [1] [ERROR] Driver initialization 'default' FAILED! Retry 2 of 3 time - Could not start a new session. Possible causes are invalid address of the remote server or browser start-up failure. 
Host info: host: 'CRAZYMACHINE', ip: '192.168.4.30'
Build info: version: '4.10.0', revision: 'c14d967899'
System info: os.name: 'Windows 11', os.arch: 'amd64', os.version: '10.0', java.version: '17.0.7'
Driver info: org.openqa.selenium.remote.RemoteWebDriver
Command: [null, newSession {capabilities=[Capabilities {acceptInsecureCerts: true, browserName: chrome, goog:chromeOptions: {args: [--remote-allow-origins=*, --test-type, --start-maximized, --ignore-ssl-errors], extensions: []}}]}]
Capabilities {acceptInsecureCerts: true, browserName: chrome, goog:chromeOptions: {args: [--remote-allow-origins=*, --test-type, --start-maximized, --ignore-ssl-errors], extensions: []}}
[2023-07-28 04:03:30] [1] [INFO] Starting driver session...
[2023-07-28 04:03:30] [1] [ERROR] TEST [automation-course-demo - testEbayAllCarTrucks] FAILED at [21:03:30 2023-07-27] - Could not start a new session. Possible causes are invalid address of the remote server or browser start-up failure. 
Host info: host: 'CRAZYMACHINE', ip: '192.168.4.30'
Build info: version: '4.10.0', revision: 'c14d967899'
System info: os.name: 'Windows 11', os.arch: 'amd64', os.version: '10.0', java.version: '17.0.7'
Driver info: org.openqa.selenium.remote.RemoteWebDriver
Command: [null, newSession {capabilities=[Capabilities {acceptInsecureCerts: true, browserName: chrome, goog:chromeOptions: {args: [--remote-allow-origins=*, --test-type, --start-maximized, --ignore-ssl-errors], extensions: []}}]}]
Capabilities {acceptInsecureCerts: true, browserName: chrome, goog:chromeOptions: {args: [--remote-allow-origins=*, --test-type, --start-maximized, --ignore-ssl-errors], extensions: []}}

org.openqa.selenium.remote.RemoteWebDriver.execute(RemoteWebDriver.java:549)
org.openqa.selenium.remote.RemoteWebDriver.startSession(RemoteWebDriver.java:227)
org.openqa.selenium.remote.RemoteWebDriver.<init>(RemoteWebDriver.java:154)
com.zebrunner.carina.webdriver.core.factory.impl.DesktopFactory.create(DesktopFactory.java:85)
com.zebrunner.carina.webdriver.core.factory.DriverFactory.create(DriverFactory.java:87)
com.zebrunner.carina.webdriver.IDriverPool.createDriver(IDriverPool.java:364)
com.zebrunner.carina.webdriver.IDriverPool.getDriver(IDriverPool.java:117)
com.zebrunner.carina.webdriver.IDriverPool.getDriver(IDriverPool.java:80)
com.zebrunner.carina.webdriver.IDriverPool.getDriver(IDriverPool.java:68)
com.solvd.qa.carina.solvd_test.SimpleWebTest.testEbayAllCarTrucks(SimpleWebTest.java:16)
java.base/jdk.internal.reflect.NativeMethodAccessorImpl.invoke0(Native Method)
java.base/jdk.internal.reflect.NativeMethodAccessorImpl.invoke(NativeMethodAccessorImpl.java:77)
java.base/jdk.internal.reflect.DelegatingMethodAccessorImpl.invoke(DelegatingMethodAccessorImpl.java:43)
java.base/java.lang.reflect.Method.invoke(Method.java:568)
org.testng.internal.invokers.MethodInvocationHelper.invokeMethod(MethodInvocationHelper.java:139)
org.testng.internal.invokers.TestInvoker.invokeMethod(TestInvoker.java:677)
org.testng.internal.invokers.TestInvoker.invokeTestMethod(TestInvoker.java:221)
org.testng.internal.invokers.MethodRunner.runInSequence(MethodRunner.java:50)
org.testng.internal.invokers.TestInvoker$MethodInvocationAgent.invoke(TestInvoker.java:969)
org.testng.internal.invokers.TestInvoker.invokeTestMethods(TestInvoker.java:194)
org.testng.internal.invokers.TestMethodWorker.invokeTestMethods(TestMethodWorker.java:148)
org.testng.internal.invokers.TestMethodWorker.run(TestMethodWorker.java:128)
java.base/java.util.ArrayList.forEach(ArrayList.java:1511)
org.testng.TestRunner.privateRun(TestRunner.java:829)
org.testng.TestRunner.run(TestRunner.java:602)
org.testng.SuiteRunner.runTest(SuiteRunner.java:437)
org.testng.SuiteRunner.runSequentially(SuiteRunner.java:431)
org.testng.SuiteRunner.privateRun(SuiteRunner.java:391)
org.testng.SuiteRunner.run(SuiteRunner.java:330)
org.testng.SuiteRunnerWorker.runSuite(SuiteRunnerWorker.java:52)
org.testng.SuiteRunnerWorker.run(SuiteRunnerWorker.java:95)
org.testng.TestNG.runSuitesSequentially(TestNG.java:1256)
org.testng.TestNG.runSuitesLocally(TestNG.java:1176)
org.testng.TestNG.runSuites(TestNG.java:1099)
org.testng.TestNG.run(TestNG.java:1067)
com.intellij.rt.testng.IDEARemoteTestNG.run(IDEARemoteTestNG.java:66)
com.intellij.rt.testng.RemoteTestNGStarter.main(RemoteTestNGStarter.java:105)
